<?xml version="1.0" encoding="UTF-8" standalone="no"?>
<testsuite failures="0" name="cucumber.runtime.formatter.JUnitFormatter" skipped="0" tests="1" time="78.442236">
<testcase classname="Verify Login Activities in Amazon" name="" time="78.442236">
<system-out><![CDATA[Given Launch Amazon Site....................................................passed
When Title of the Page is verified..........................................passed
Then Login into Amazon......................................................passed
Then Logout the Amazon application..........................................passed
]]></system-out>
</testcase>
</testsuite>
